2025-01-18 00:00:00;LOG_LEVEL=INFO;ENV=prod;status=WARN;CN=FDAO-Lambda-Notification-jbddvrmozy.dev.fba;expiry=Nov 17 00:00:00 2025 GMT;remaining_days=279;email='gbgycsqr@test.com.pf';ci=CM57204
2025-05-01 00:00:00;LOG_LEVEL=CRITICAL;ENV=prod;status=OK;CN=FDAO-Lambda-Notification-rhsfignhjv.dev.fba;expiry=Oct 25 00:00:00 2025 GMT;remaining_days=145;email='rbnpzllz@test.com.pf';ci=CM53918
2025-08-03 00:00:00;LOG_LEVEL=OK;ENV=prod;status=OK;CN=FDAO-Lambda-Notification-ixvifpogqc.dev.fba;expiry=Aug 14 00:00:00 2025 GMT;remaining_days=207;email='ibtmtnms@test.com.pf';ci=CM48245
2025-07-29 00:00:00;LOG_LEVEL=CRITICAL;ENV=prod;status=WARN;CN=FDAO-Lambda-Notification-vsxfjaogfj.dev.fba;expiry=May 01 00:00:00 2026 GMT;remaining_days=246;email='zyavqeaa@test.com.pf';ci=CM97159
2025-10-02 00:00:00;LOG_LEVEL=INFO;ENV=prod;status=WARN;CN=FDAO-Lambda-Notification-pwefhkaakc.dev.fba;expiry=Oct 11 00:00:00 2025 GMT;remaining_days=143;email='reulftza@test.com.pf';ci=CM73327
2025-09-05 00:00:00;LOG_LEVEL=INFO;ENV=prod;status=WARN;CN=FDAO-Lambda-Notification-rzjbzmfyra.dev.fba;expiry=Apr 21 00:00:00 2026 GMT;remaining_days=286;email='heypvrrc@test.com.pf';ci=CM85556
2025-02-20 00:00:00;LOG_LEVEL=WARN;ENV=prod;status=OK;CN=FDAO-Lambda-Notification-hpfekwiryy.dev.fba;expiry=Dec 11 00:00:00 2025 GMT;remaining_days=94;email='knagwfmx@test.com.pf';ci=CM34442
2025-01-01 00:00:00;LOG_LEVEL=WARN;ENV=prod;status=WARN;CN=FDAO-Lambda-Notification-higybabqrn.dev.fba;expiry=Jun 08 00:00:00 2025 GMT;remaining_days=92;email='yvupmdxy@test.com.pf';ci=CM63301
2025-03-18 00:00:00;LOG_LEVEL=CRITICAL;ENV=prod;status=OK;CN=FDAO-Lambda-Notification-eleijtrtik.dev.fba;expiry=Aug 11 00:00:00 2025 GMT;remaining_days=107;email='ljcaboee@test.com.pf';ci=CM40298
2025-04-18 00:00:00;LOG_LEVEL=OK;ENV=prod;status=WARN;CN=FDAO-Lambda-Notification-fbuwqjtcoh.dev.fba;expiry=Apr 30 00:00:00 2025 GMT;remaining_days=248;email='lbbxylak@test.com.pf';ci=CM91364
2025-08-24 00:00:00;LOG_LEVEL=CRITICAL;ENV=prod;status=OK;CN=FDAO-Lambda-Notification-qeibvxwmot.dev.fba;expiry=May 30 00:00:00 2026 GMT;remaining_days=28;email='qjktwwbj@test.com.pf';ci=CM29560
2025-08-16 00:00:00;LOG_LEVEL=WARN;ENV=prod;status=WARN;CN=FDAO-Lambda-Notification-gjtwldmkhq.dev.fba;expiry=Nov 20 00:00:00 2025 GMT;remaining_days=202;email='kjsisnfa@test.com.pf';ci=CM71551
2025-02-07 00:00:00;LOG_LEVEL=WARN;ENV=prod;status=OK;CN=FDAO-Lambda-Notification-aizmdxzgzh.dev.fba;expiry=Sep 06 00:00:00 2025 GMT;remaining_days=175;email='trklwfin@test.com.pf';ci=CM75830
2025-01-11 00:00:00;LOG_LEVEL=OK;ENV=prod;status=OK;CN=FDAO-Lambda-Notification-jbxronfnvq.dev.fba;expiry=Aug 04 00:00:00 2025 GMT;remaining_days=365;email='fioatsdy@test.com.pf';ci=CM67998
2025-06-06 00:00:00;LOG_LEVEL=EXPIRED;ENV=prod;status=OK;CN=FDAO-Lambda-Notification-vzwthqmkdz.dev.fba;expiry=Aug 17 00:00:00 2025 GMT;remaining_days=193;email='naqgeyfx@test.com.pf';ci=CM65519
2025-03-03 00:00:00;LOG_LEVEL=WARN;ENV=prod;status=OK;CN=FDAO-Lambda-Notification-nakzdbzuqx.dev.fba;expiry=Jul 21 00:00:00 2025 GMT;remaining_days=36;email='drfzqsdy@test.com.pf';ci=CM50458
2025-05-19 00:00:00;LOG_LEVEL=CRITICAL;ENV=prod;status=OK;CN=FDAO-Lambda-Notification-zehbpqpzyr.dev.fba;expiry=Dec 06 00:00:00 2025 GMT;remaining_days=224;email='okaemrqg@test.com.pf';ci=CM48458
2025-03-23 00:00:00;LOG_LEVEL=EXPIRED;ENV=prod;status=OK;CN=FDAO-Lambda-Notification-cimcaitqle.dev.fba;expiry=Dec 13 00:00:00 2025 GMT;remaining_days=145;email='onskynox@test.com.pf';ci=CM83141
2025-04-08 00:00:00;LOG_LEVEL=OK;ENV=prod;status=OK;CN=FDAO-Lambda-Notification-htxchpmuib.dev.fba;expiry=Apr 19 00:00:00 2025 GMT;remaining_days=19;email='eaqrczim@test.com.pf';ci=CM67164
2025-03-23 00:00:00;LOG_LEVEL=EXPIRED;ENV=prod;status=OK;CN=FDAO-Lambda-Notification-cimcaitqle.dev.fba;expiry=Dec 13 00:00:00 2025 GMT;remaining_days=145;email='onskynox@test.com.pf';ci=CM83141
2025-04-08 00:00:00;LOG_LEVEL=CRITICAL;ENV=prod;status=OK;CN=FDAO-Lambda-Notification-htxchpmuib.dev.fba;expiry=Apr 19 00:00:00 2025 GMT;remaining_days=19;email='eaqrczim@test.com.pf';ci=CM67164
